Analysis & Synthesis report for pipeline
Fri Dec 18 16:58:54 2015
Quartus II 64-Bit Version 13.0.1 Build 232 06/12/2013 Service Pack 1 SJ Web Edition


---------------------
; Table of Contents ;
---------------------
  1. Legal Notice
  2. Analysis & Synthesis Summary
  3. Analysis & Synthesis Settings
  4. Parallel Compilation
  5. Analysis & Synthesis Source Files Read
  6. Analysis & Synthesis Resource Usage Summary
  7. Analysis & Synthesis Resource Utilization by Entity
  8. General Register Statistics
  9. Multiplexer Restructuring Statistics (Restructuring Performed)
 10. Elapsed Time Per Partition
 11. Analysis & Synthesis Messages



----------------
; Legal Notice ;
----------------
Copyright (C) 1991-2013 Altera Corporation
Your use of Altera Corporation's design tools, logic functions 
and other software and tools, and its AMPP partner logic 
functions, and any output files from any of the foregoing 
(including device programming or simulation files), and any 
associated documentation or information are expressly subject 
to the terms and conditions of the Altera Program License 
Subscription Agreement, Altera MegaCore Function License 
Agreement, or other applicable license agreement, including, 
without limitation, that your use is for the sole purpose of 
programming logic devices manufactured by Altera and sold by 
Altera or its authorized distributors.  Please refer to the 
applicable agreement for further details.



+--------------------------------------------------------------------------------------+
; Analysis & Synthesis Summary                                                         ;
+------------------------------------+-------------------------------------------------+
; Analysis & Synthesis Status        ; Successful - Fri Dec 18 16:58:53 2015           ;
; Quartus II 64-Bit Version          ; 13.0.1 Build 232 06/12/2013 SP 1 SJ Web Edition ;
; Revision Name                      ; pipeline                                        ;
; Top-level Entity Name              ; execute                                         ;
; Family                             ; Cyclone II                                      ;
; Total logic elements               ; 1,024                                           ;
;     Total combinational functions  ; 1,024                                           ;
;     Dedicated logic registers      ; 0                                               ;
; Total registers                    ; 0                                               ;
; Total pins                         ; 171                                             ;
; Total virtual pins                 ; 0                                               ;
; Total memory bits                  ; 0                                               ;
; Embedded Multiplier 9-bit elements ; 0                                               ;
; Total PLLs                         ; 0                                               ;
+------------------------------------+-------------------------------------------------+


+----------------------------------------------------------------------------------------------------------------------+
; Analysis & Synthesis Settings                                                                                        ;
+----------------------------------------------------------------------------+--------------------+--------------------+
; Option                                                                     ; Setting            ; Default Value      ;
+----------------------------------------------------------------------------+--------------------+--------------------+
; Device                                                                     ; EP2C70F896I8       ;                    ;
; Top-level entity name                                                      ; execute            ; pipeline           ;
; Family name                                                                ; Cyclone II         ; Cyclone IV GX      ;
; Use smart compilation                                                      ; Off                ; Off                ;
; Enable parallel Assembler and TimeQuest Timing Analyzer during compilation ; On                 ; On                 ;
; Enable compact report table                                                ; Off                ; Off                ;
; Restructure Multiplexers                                                   ; Auto               ; Auto               ;
; Create Debugging Nodes for IP Cores                                        ; Off                ; Off                ;
; Preserve fewer node names                                                  ; On                 ; On                 ;
; Disable OpenCore Plus hardware evaluation                                  ; Off                ; Off                ;
; Verilog Version                                                            ; Verilog_2001       ; Verilog_2001       ;
; VHDL Version                                                               ; VHDL_1993          ; VHDL_1993          ;
; State Machine Processing                                                   ; Auto               ; Auto               ;
; Safe State Machine                                                         ; Off                ; Off                ;
; Extract Verilog State Machines                                             ; On                 ; On                 ;
; Extract VHDL State Machines                                                ; On                 ; On                 ;
; Ignore Verilog initial constructs                                          ; Off                ; Off                ;
; Iteration limit for constant Verilog loops                                 ; 5000               ; 5000               ;
; Iteration limit for non-constant Verilog loops                             ; 250                ; 250                ;
; Add Pass-Through Logic to Inferred RAMs                                    ; On                 ; On                 ;
; Infer RAMs from Raw Logic                                                  ; On                 ; On                 ;
; Parallel Synthesis                                                         ; On                 ; On                 ;
; DSP Block Balancing                                                        ; Auto               ; Auto               ;
; NOT Gate Push-Back                                                         ; On                 ; On                 ;
; Power-Up Don't Care                                                        ; On                 ; On                 ;
; Remove Redundant Logic Cells                                               ; Off                ; Off                ;
; Remove Duplicate Registers                                                 ; On                 ; On                 ;
; Ignore CARRY Buffers                                                       ; Off                ; Off                ;
; Ignore CASCADE Buffers                                                     ; Off                ; Off                ;
; Ignore GLOBAL Buffers                                                      ; Off                ; Off                ;
; Ignore ROW GLOBAL Buffers                                                  ; Off                ; Off                ;
; Ignore LCELL Buffers                                                       ; Off                ; Off                ;
; Ignore SOFT Buffers                                                        ; On                 ; On                 ;
; Limit AHDL Integers to 32 Bits                                             ; Off                ; Off                ;
; Optimization Technique                                                     ; Balanced           ; Balanced           ;
; Carry Chain Length                                                         ; 70                 ; 70                 ;
; Auto Carry Chains                                                          ; On                 ; On                 ;
; Auto Open-Drain Pins                                                       ; On                 ; On                 ;
; Perform WYSIWYG Primitive Resynthesis                                      ; Off                ; Off                ;
; Auto ROM Replacement                                                       ; On                 ; On                 ;
; Auto RAM Replacement                                                       ; On                 ; On                 ;
; Auto Shift Register Replacement                                            ; Auto               ; Auto               ;
; Allow Shift Register Merging across Hierarchies                            ; Auto               ; Auto               ;
; Auto Clock Enable Replacement                                              ; On                 ; On                 ;
; Strict RAM Replacement                                                     ; Off                ; Off                ;
; Allow Synchronous Control Signals                                          ; On                 ; On                 ;
; Force Use of Synchronous Clear Signals                                     ; Off                ; Off                ;
; Auto RAM to Logic Cell Conversion                                          ; Off                ; Off                ;
; Auto Resource Sharing                                                      ; Off                ; Off                ;
; Allow Any RAM Size For Recognition                                         ; Off                ; Off                ;
; Allow Any ROM Size For Recognition                                         ; Off                ; Off                ;
; Allow Any Shift Register Size For Recognition                              ; Off                ; Off                ;
; Use LogicLock Constraints during Resource Balancing                        ; On                 ; On                 ;
; Ignore translate_off and synthesis_off directives                          ; Off                ; Off                ;
; Timing-Driven Synthesis                                                    ; Off                ; Off                ;
; Report Parameter Settings                                                  ; On                 ; On                 ;
; Report Source Assignments                                                  ; On                 ; On                 ;
; Report Connectivity Checks                                                 ; On                 ; On                 ;
; Ignore Maximum Fan-Out Assignments                                         ; Off                ; Off                ;
; Synchronization Register Chain Length                                      ; 2                  ; 2                  ;
; PowerPlay Power Optimization                                               ; Normal compilation ; Normal compilation ;
; HDL message level                                                          ; Level2             ; Level2             ;
; Suppress Register Optimization Related Messages                            ; Off                ; Off                ;
; Number of Removed Registers Reported in Synthesis Report                   ; 5000               ; 5000               ;
; Number of Swept Nodes Reported in Synthesis Report                         ; 5000               ; 5000               ;
; Number of Inverted Registers Reported in Synthesis Report                  ; 100                ; 100                ;
; Clock MUX Protection                                                       ; On                 ; On                 ;
; Auto Gated Clock Conversion                                                ; Off                ; Off                ;
; Block Design Naming                                                        ; Auto               ; Auto               ;
; SDC constraint protection                                                  ; Off                ; Off                ;
; Synthesis Effort                                                           ; Auto               ; Auto               ;
; Shift Register Replacement - Allow Asynchronous Clear Signal               ; On                 ; On                 ;
; Pre-Mapping Resynthesis Optimization                                       ; Off                ; Off                ;
; Analysis & Synthesis Message Level                                         ; Medium             ; Medium             ;
; Disable Register Merging Across Hierarchies                                ; Auto               ; Auto               ;
; Resource Aware Inference For Block RAM                                     ; On                 ; On                 ;
; Synthesis Seed                                                             ; 1                  ; 1                  ;
+----------------------------------------------------------------------------+--------------------+--------------------+


Parallel compilation was disabled, but you have multiple processors available. Enable parallel compilation to reduce compilation time.
+-------------------------------------+
; Parallel Compilation                ;
+----------------------------+--------+
; Processors                 ; Number ;
+----------------------------+--------+
; Number detected on machine ; 4      ;
; Maximum allowed            ; 1      ;
+----------------------------+--------+


+-----------------------------------------------------------------------------------------------------------------------------------+
; Analysis & Synthesis Source Files Read                                                                                            ;
+----------------------------------+-----------------+-----------------+--------------------------------------------------+---------+
; File Name with User-Entered Path ; Used in Netlist ; File Type       ; File Name with Absolute Path                     ; Library ;
+----------------------------------+-----------------+-----------------+--------------------------------------------------+---------+
; custom_types.vhd                 ; yes             ; User VHDL File  ; C:/Users/Filip/Desktop/Pipeline/custom_types.vhd ;         ;
; alu.vhd                          ; yes             ; User VHDL File  ; C:/Users/Filip/Desktop/Pipeline/alu.vhd          ;         ;
; execute.vhd                      ; yes             ; User VHDL File  ; C:/Users/Filip/Desktop/Pipeline/execute.vhd      ;         ;
; MX_2_1.vhd                       ; yes             ; User VHDL File  ; C:/Users/Filip/Desktop/Pipeline/MX_2_1.vhd       ;         ;
+----------------------------------+-----------------+-----------------+--------------------------------------------------+---------+


+--------------------------------------------------------------------------+
; Analysis & Synthesis Resource Usage Summary                              ;
+---------------------------------------------+----------------------------+
; Resource                                    ; Usage                      ;
+---------------------------------------------+----------------------------+
; Estimated Total logic elements              ; 1,024                      ;
;                                             ;                            ;
; Total combinational functions               ; 1024                       ;
; Logic element usage by number of LUT inputs ;                            ;
;     -- 4 input functions                    ; 575                        ;
;     -- 3 input functions                    ; 398                        ;
;     -- <=2 input functions                  ; 51                         ;
;                                             ;                            ;
; Logic elements by mode                      ;                            ;
;     -- normal mode                          ; 869                        ;
;     -- arithmetic mode                      ; 155                        ;
;                                             ;                            ;
; Total registers                             ; 0                          ;
;     -- Dedicated logic registers            ; 0                          ;
;     -- I/O registers                        ; 0                          ;
;                                             ;                            ;
; I/O pins                                    ; 171                        ;
; Embedded Multiplier 9-bit elements          ; 0                          ;
; Maximum fan-out node                        ; MX_2_1:B_MUX|data_out[3]~3 ;
; Maximum fan-out                             ; 138                        ;
; Total fan-out                               ; 3634                       ;
; Average fan-out                             ; 3.04                       ;
+---------------------------------------------+----------------------------+


+------------------------------------------------------------------------------------------------------------------------------------------------------------------------------------+
; Analysis & Synthesis Resource Utilization by Entity                                                                                                                                ;
+----------------------------+-------------------+--------------+-------------+--------------+---------+-----------+------+--------------+----------------------------+--------------+
; Compilation Hierarchy Node ; LC Combinationals ; LC Registers ; Memory Bits ; DSP Elements ; DSP 9x9 ; DSP 18x18 ; Pins ; Virtual Pins ; Full Hierarchy Name        ; Library Name ;
+----------------------------+-------------------+--------------+-------------+--------------+---------+-----------+------+--------------+----------------------------+--------------+
; |execute                   ; 1024 (164)        ; 0 (0)        ; 0           ; 0            ; 0       ; 0         ; 171  ; 0            ; |execute                   ; work         ;
;    |MX_2_1:B_MUX|          ; 32 (32)           ; 0 (0)        ; 0           ; 0            ; 0       ; 0         ; 0    ; 0            ; |execute|MX_2_1:B_MUX      ; work         ;
;    |MX_2_1:OUTPUT_MUX|     ; 231 (231)         ; 0 (0)        ; 0           ; 0            ; 0       ; 0         ; 0    ; 0            ; |execute|MX_2_1:OUTPUT_MUX ; work         ;
;    |alu:ALU_ENTITY|        ; 597 (597)         ; 0 (0)        ; 0           ; 0            ; 0       ; 0         ; 0    ; 0            ; |execute|alu:ALU_ENTITY    ; work         ;
+----------------------------+-------------------+--------------+-------------+--------------+---------+-----------+------+--------------+----------------------------+--------------+
Note: For table entries with two numbers listed, the numbers in parentheses indicate the number of resources of the given type used by the specific entity alone. The numbers listed outside of parentheses indicate the total resources of the given type used by the specific entity and all of its sub-entities in the hierarchy.


+------------------------------------------------------+
; General Register Statistics                          ;
+----------------------------------------------+-------+
; Statistic                                    ; Value ;
+----------------------------------------------+-------+
; Total registers                              ; 0     ;
; Number of registers using Synchronous Clear  ; 0     ;
; Number of registers using Synchronous Load   ; 0     ;
; Number of registers using Asynchronous Clear ; 0     ;
; Number of registers using Asynchronous Load  ; 0     ;
; Number of registers using Clock Enable       ; 0     ;
; Number of registers using Preset             ; 0     ;
+----------------------------------------------+-------+


+-------------------------------------------------------------------------------------------------------------------------------------------------------+
; Multiplexer Restructuring Statistics (Restructuring Performed)                                                                                        ;
+--------------------+-----------+---------------+----------------------+------------------------+------------+-----------------------------------------+
; Multiplexer Inputs ; Bus Width ; Baseline Area ; Area if Restructured ; Saving if Restructured ; Registered ; Example Multiplexer Output              ;
+--------------------+-----------+---------------+----------------------+------------------------+------------+-----------------------------------------+
; 34:1               ; 14 bits   ; 308 LEs       ; 168 LEs              ; 140 LEs                ; No         ; |execute|MX_2_1:OUTPUT_MUX|data_out[4]  ;
; 34:1               ; 14 bits   ; 308 LEs       ; 154 LEs              ; 154 LEs                ; No         ; |execute|MX_2_1:OUTPUT_MUX|data_out[30] ;
+--------------------+-----------+---------------+----------------------+------------------------+------------+-----------------------------------------+


+-------------------------------+
; Elapsed Time Per Partition    ;
+----------------+--------------+
; Partition Name ; Elapsed Time ;
+----------------+--------------+
; Top            ; 00:00:10     ;
+----------------+--------------+


+-------------------------------+
; Analysis & Synthesis Messages ;
+-------------------------------+
Info: *******************************************************************
Info: Running Quartus II 64-Bit Analysis & Synthesis
    Info: Version 13.0.1 Build 232 06/12/2013 Service Pack 1 SJ Web Edition
    Info: Processing started: Fri Dec 18 16:58:41 2015
Info: Command: quartus_map --read_settings_files=on --write_settings_files=off pipeline -c pipeline
Warning (20028): Parallel compilation is not licensed and has been disabled
Info (12021): Found 2 design units, including 1 entities, in source file pcreg.vhd
    Info (12022): Found design unit 1: PCreg-pcreg_arch
    Info (12023): Found entity 1: PCreg
Info (12021): Found 2 design units, including 1 entities, in source file cache.vhd
    Info (12022): Found design unit 1: Cache-CacheArch
    Info (12023): Found entity 1: Cache
Info (12021): Found 2 design units, including 1 entities, in source file reg_file.vhd
    Info (12022): Found design unit 1: reg_file-reg_file_arch
    Info (12023): Found entity 1: reg_file
Info (12021): Found 2 design units, including 1 entities, in source file reg.vhd
    Info (12022): Found design unit 1: reg-reg_arch
    Info (12023): Found entity 1: reg
Info (12021): Found 2 design units, including 1 entities, in source file decoder.vhd
    Info (12022): Found design unit 1: decoder_32-decoder_32_arch
    Info (12023): Found entity 1: decoder_32
Info (12021): Found 2 design units, including 1 entities, in source file mx_32_1.vhd
    Info (12022): Found design unit 1: MX_32_1-MX_32_1_arch
    Info (12023): Found entity 1: MX_32_1
Info (12021): Found 1 design units, including 0 entities, in source file custom_types.vhd
    Info (12022): Found design unit 1: custom_types
Info (12021): Found 2 design units, including 1 entities, in source file branch_predictor.vhd
    Info (12022): Found design unit 1: branch_predictor-branch_predictor_arch
    Info (12023): Found entity 1: branch_predictor
Info (12021): Found 2 design units, including 1 entities, in source file fetch.vhd
    Info (12022): Found design unit 1: fetch-fetch_arch
    Info (12023): Found entity 1: fetch
Info (12021): Found 2 design units, including 1 entities, in source file processor.vhd
    Info (12022): Found design unit 1: processor-processor_arch
    Info (12023): Found entity 1: processor
Info (12021): Found 2 design units, including 1 entities, in source file stick.vhd
    Info (12022): Found design unit 1: stick-stick_arch
    Info (12023): Found entity 1: stick
Info (12021): Found 2 design units, including 1 entities, in source file control_unit.vhd
    Info (12022): Found design unit 1: control_unit-control_unit_arch
    Info (12023): Found entity 1: control_unit
Info (12021): Found 2 design units, including 1 entities, in source file mx_4_1.vhd
    Info (12022): Found design unit 1: MX_4_1-MX_4_1_arch
    Info (12023): Found entity 1: MX_4_1
Info (12021): Found 2 design units, including 1 entities, in source file alu.vhd
    Info (12022): Found design unit 1: alu-alu_arch
    Info (12023): Found entity 1: alu
Info (12021): Found 2 design units, including 1 entities, in source file execute.vhd
    Info (12022): Found design unit 1: execute-execute_arch
    Info (12023): Found entity 1: execute
Info (12021): Found 2 design units, including 1 entities, in source file mx_2_1.vhd
    Info (12022): Found design unit 1: MX_2_1-MX_2_1_arch
    Info (12023): Found entity 1: MX_2_1
Info (12127): Elaborating entity "execute" for the top level hierarchy
Info (12128): Elaborating entity "MX_2_1" for hierarchy "MX_2_1:B_MUX"
Info (12128): Elaborating entity "alu" for hierarchy "alu:ALU_ENTITY"
Info (16010): Generating hard_block partition "hard_block:auto_generated_inst"
    Info (16011): Adding 0 node(s), including 0 DDIO, 0 PLL, 0 transceiver and 0 LCELL
Info (21057): Implemented 1195 device resources after synthesis - the final resource count might be different
    Info (21058): Implemented 133 input pins
    Info (21059): Implemented 38 output pins
    Info (21061): Implemented 1024 logic cells
Info: Quartus II 64-Bit Analysis & Synthesis was successful. 0 errors, 1 warning
    Info: Peak virtual memory: 491 megabytes
    Info: Processing ended: Fri Dec 18 16:58:54 2015
    Info: Elapsed time: 00:00:13
    Info: Total CPU time (on all processors): 00:00:12


